<?xml version="1.0" encoding="UTF-8"?>
<!-- Generated by org.testng.reporters.JUnitReportReporter -->
<testsuite hostname="Subbu-PC" name="mypackage.myclass" tests="1" failures="0" timestamp="7 Feb 2019 06:27:55 GMT" time="10.374" errors="0">
  <testcase name="printChildWindowTitles" time="10.374" classname="mypackage.myclass"/>
</testsuite> <!-- mypackage.myclass -->
